  WorldState.cpp
  GLM: perspective function taking degrees as a parameter is deprecated. #define GLM_FORCE_RADIANS before including GLM headers to remove this message.
  GLM: rotate function taking degrees as a parameter is deprecated. #define GLM_FORCE_RADIANS before including GLM headers to remove this message.
  VBuffer.cpp
  Texture.cpp
  ShaderUtils.cpp
  Model.cpp
  DrawMesh.cpp
  main.cpp
  GLM: rotate function taking degrees as a parameter is deprecated. #define GLM_FORCE_RADIANS before including GLM headers to remove this message.
  imgui_impl_glfw_gl3.cpp
  imgui_example_glfw_gl3.cpp
  imgui_draw.cpp
  imgui_demo.cpp
  imgui.cpp
  IBuffer.cpp
  EditMesh.cpp
  ControlState.cpp
  Generating Code...
  Cartel.vcxproj -> C:\Users\Leo\Downloads\Cartel-1.3\Debug\Cartel.exe
  Cartel.vcxproj -> C:\Users\Leo\Downloads\Cartel-1.3\Debug\Cartel.pdb (Full PDB)
